Godot Engine v4.3.beta1.mono.official.a4f2ea91a - https://godotengine.org
Vulkan 1.3.260 - Forward Mobile - Using Device #0: AMD - AMD Radeon RX 580 2048SP
USER ERROR: Can't create shader cache folder, no shader caching will happen: user://
   at: RendererCompositorRD (servers/rendering/renderer_rd/renderer_compositor_rd.cpp:272)

[Log][Ui] Generate debug panel
[Log][Global] Try Stop game. Stop count: 1
[Log][Global] Try Resume game. Stop count: 0
[Log][Global] Try Stop game. Stop count: 1
[Log][Wave Spawner] Boss wave started, stop clock.
[Log][Wave Spawner] Boss wave spawned: 骑士
[Log][Global] Try Resume game. Stop count: 0
USER ERROR: BUG: Unreferenced static string to 0: luminance_buffers
   at: unref (core/string/string_name.cpp:127)
USER ERROR: BUG: Unreferenced static string to 0: color_upscaled
   at: unref (core/string/string_name.cpp:127)
USER ERROR: BUG: Unreferenced static string to 0: back_color
   at: unref (core/string/string_name.cpp:127)
USER ERROR: BUG: Unreferenced static string to 0: back_depth
   at: unref (core/string/string_name.cpp:127)
USER ERROR: BUG: Unreferenced static string to 0: VRS
   at: unref (core/string/string_name.cpp:127)
USER ERROR: BUG: Unreferenced static string to 0: Physics2DConstraintSolveIslands
   at: unref (core/string/string_name.cpp:127)
USER ERROR: BUG: Unreferenced static string to 0: Physics2DConstraintSetup
   at: unref (core/string/string_name.cpp:127)
USER ERROR: BUG: Unreferenced static string to 0: Variant
   at: unref (core/string/string_name.cpp:127)
USER ERROR: BUG: Unreferenced static string to 0: ShaderCompilation
   at: unref (core/string/string_name.cpp:127)
USER ERROR: BUG: Unreferenced static string to 0: @export_range
   at: unref (core/string/string_name.cpp:129)
USER ERROR: BUG: Unreferenced static string to 0: @export_multiline
   at: unref (core/string/string_name.cpp:129)
USER ERROR: BUG: Unreferenced static string to 0: @export_enum
   at: unref (core/string/string_name.cpp:129)
USER ERROR: BUG: Unreferenced static string to 0: @export_node_path
   at: unref (core/string/string_name.cpp:129)
USER ERROR: BUG: Unreferenced static string to 0: @export
   at: unref (core/string/string_name.cpp:129)
USER ERROR: BUG: Unreferenced static string to 0: @export_category
   at: unref (core/string/string_name.cpp:129)
USER ERROR: BUG: Unreferenced static string to 0: @export_flags
   at: unref (core/string/string_name.cpp:129)
USER ERROR: BUG: Unreferenced static string to 0: @tool
   at: unref (core/string/string_name.cpp:129)
USER ERROR: BUG: Unreferenced static string to 0: @export_placeholder
   at: unref (core/string/string_name.cpp:129)
USER ERROR: BUG: Unreferenced static string to 0: @warning_ignore
   at: unref (core/string/string_name.cpp:129)
USER ERROR: BUG: Unreferenced static string to 0: @icon
   at: unref (core/string/string_name.cpp:129)
USER ERROR: Pages in use exist at exit in PagedAllocator: N7Variant5Pools11BucketLargeE
   at: ~PagedAllocator (./core/templates/paged_allocator.h:170)
