Godot Engine v4.3.beta1.mono.official.a4f2ea91a - https://godotengine.org
Vulkan 1.3.260 - Forward Mobile - Using Device #0: AMD - AMD Radeon RX 580 2048SP
USER ERROR: Can't create shader cache folder, no shader caching will happen: user://
   at: RendererCompositorRD (servers/rendering/renderer_rd/renderer_compositor_rd.cpp:272)

[Log][BootSplash] Debug mode, change scene to: res://Scenes/World.tscn
USER ERROR: Parent node is busy adding/removing children, `remove_child()` can't be called at this time. Consider using `remove_child.call_deferred(child)` instead.
   at: remove_child (scene/main/node.cpp:1595)
[Log][Ui] Init debug panel class.
[Log][Game] Debug mode, enter world.
[Log][Global] Try Stop game. Stop count: 1
[Log][Global] Try Resume game. Stop count: 0
[Log][Ui] Generate debug panel
[Log][Wave Spawner] 敌人生成数量: 3, 阵型：RectSpawnType
[Log][WaveSpawner] Next wave clock: 2s
[Log][Wave Spawner] 敌人生成数量: 2, 阵型：SpiralSpawnType
[Log][WaveSpawner] Next wave clock: 2s
[Log][Wave Spawner] 敌人生成数量: 2, 阵型：RectSpawnType
[Log][WaveSpawner] Next wave clock: 2s
[Log][AbilityGenerate] Generating Random Ability Ids
[Log][AbilityGenerate] Generated Random Ability Ids
[Log][AbilityGenerate] Generating Random Gear Ids
[Log][AbilityGenerate] Generated Random Gear Ids
[Log][AbilityGenerate] Generating Random Shield Ids
[Log][AbilityGenerate] Generated Random Shield Ids
[Log][AbilityGenerate] Generating Random Body Ids
[Log][AbilityGenerate] Generated Random Body Ids
[Log][AbilityGenerate] Generating Random Weapon Ids
[Log][AbilityGenerate] Generated Random Weapon Ids
[Log][Global] Try Stop game. Stop count: 1
[Log][Global] Try Resume game. Stop count: 0
[Log][Wave Spawner] 敌人生成数量: 9, 阵型：CircleSpawnType
[Log][WaveSpawner] Next wave clock: 4s
[Log][Wave Spawner] 敌人生成数量: 5, 阵型：SpiralSpawnType
[Log][WaveSpawner] Next wave clock: 4s
[Log][Wave Spawner] 敌人生成数量: 4, 阵型：SpiralSpawnType
[Log][WaveSpawner] Next wave clock: 4s
[Log][AbilityGenerate] Generating Random Ability Ids
[Log][AbilityGenerate] Generated Random Ability Ids
[Log][AbilityGenerate] Generating Random Gear Ids
[Log][AbilityGenerate] Generated Random Gear Ids
[Log][AbilityGenerate] Generating Random Shield Ids
[Log][AbilityGenerate] Generated Random Shield Ids
[Log][AbilityGenerate] Generating Random Body Ids
[Log][AbilityGenerate] Generated Random Body Ids
[Log][AbilityGenerate] Generating Random Weapon Ids
[Log][AbilityGenerate] Generated Random Weapon Ids
[Log][Global] Try Stop game. Stop count: 1
[Log][Global] Try Resume game. Stop count: 0
[Log][Wave Spawner] 敌人生成数量: 9, 阵型：CircleSpawnType
[Log][WaveSpawner] Next wave clock: 6s
[Log][AbilityGenerate] Generating Random Ability Ids
[Log][AbilityGenerate] Generated Random Ability Ids
[Log][AbilityGenerate] Generating Random Gear Ids
[Log][AbilityGenerate] Generated Random Gear Ids
[Log][AbilityGenerate] Generating Random Shield Ids
[Log][AbilityGenerate] Generated Random Shield Ids
[Log][AbilityGenerate] Generating Random Body Ids
[Log][AbilityGenerate] Generated Random Body Ids
[Log][AbilityGenerate] Generating Random Weapon Ids
[Log][AbilityGenerate] Generated Random Weapon Ids
[Log][Global] Try Stop game. Stop count: 1
[Log][Global] Try Resume game. Stop count: 0
[Log][Wave Spawner] 敌人生成数量: 11, 阵型：SpiralSpawnType
[Log][WaveSpawner] Next wave clock: 8s
[Log][Wave Spawner] 敌人生成数量: 13, 阵型：CircleSpawnType
[Log][WaveSpawner] Next wave clock: 8s
[Log][WaveSpawner] Next wave clock: 8s
[Log][AbilityGenerate] Generating Random Ability Ids
[Log][AbilityGenerate] Generated Random Ability Ids
[Log][AbilityGenerate] Generating Random Gear Ids
[Log][AbilityGenerate] Generated Random Gear Ids
[Log][AbilityGenerate] Generating Random Shield Ids
[Log][AbilityGenerate] Generated Random Shield Ids
[Log][AbilityGenerate] Generating Random Body Ids
[Log][AbilityGenerate] Generated Random Body Ids
[Log][AbilityGenerate] Generating Random Weapon Ids
[Log][AbilityGenerate] Generated Random Weapon Ids
[Log][Global] Try Stop game. Stop count: 1
[Log][Effect System] Add effect: 血量增强
[Log][Global] Try Resume game. Stop count: 0
[Log][Global] Try Stop game. Stop count: 1
[Log][Global] Try Resume game. Stop count: 0
